0 info it worked if it ends with ok
1 verbose cli [ 'C:\\Program Files\\nodejs\\node.exe',
1 verbose cli   'C:\\Program Files\\nodejs\\node_modules\\npm\\bin\\npm-cli.js',
1 verbose cli   'install',
1 verbose cli   'node' ]
2 info using npm@3.10.10
3 info using node@v6.10.2
4 silly loadCurrentTree Starting
5 silly install loadCurrentTree
6 silly install readLocalPackageData
7 silly fetchPackageMetaData node
8 silly fetchNamedPackageData node
9 silly mapToRegistry name node
10 silly mapToRegistry using default registry
11 silly mapToRegistry registry https://registry.npmjs.org/
12 silly mapToRegistry data Result {
12 silly mapToRegistry   raw: 'node',
12 silly mapToRegistry   scope: null,
12 silly mapToRegistry   escapedName: 'node',
12 silly mapToRegistry   name: 'node',
12 silly mapToRegistry   rawSpec: '',
12 silly mapToRegistry   spec: 'latest',
12 silly mapToRegistry   type: 'tag' }
13 silly mapToRegistry uri https://registry.npmjs.org/node
14 verbose request uri https://registry.npmjs.org/node
15 verbose request no auth needed
16 info attempt registry request try #1 at 09:14:21
17 verbose request id d65713e03ff21b25
18 http request GET https://registry.npmjs.org/node
19 http 200 https://registry.npmjs.org/node
20 verbose headers { server: 'nginx/1.10.3',
20 verbose headers   'content-type': 'application/json',
20 verbose headers   'last-modified': 'Fri, 01 Sep 2017 16:19:59 GMT',
20 verbose headers   etag: 'W/"59a988af-4e335"',
20 verbose headers   'content-encoding': 'gzip',
20 verbose headers   'cache-control': 'max-age=300',
20 verbose headers   'content-length': '51496',
20 verbose headers   'accept-ranges': 'bytes',
20 verbose headers   date: 'Tue, 12 Sep 2017 12:13:04 GMT',
20 verbose headers   via: '1.1 varnish',
20 verbose headers   age: '0',
20 verbose headers   connection: 'keep-alive',
20 verbose headers   'x-served-by': 'cache-gru17126-GRU',
20 verbose headers   'x-cache': 'HIT',
20 verbose headers   'x-cache-hits': '1',
20 verbose headers   'x-timer': 'S1505218385.530950,VS0,VE188',
20 verbose headers   vary: 'Accept-Encoding, Accept' }
21 silly get cb [ 200,
21 silly get   { server: 'nginx/1.10.3',
21 silly get     'content-type': 'application/json',
21 silly get     'last-modified': 'Fri, 01 Sep 2017 16:19:59 GMT',
21 silly get     etag: 'W/"59a988af-4e335"',
21 silly get     'content-encoding': 'gzip',
21 silly get     'cache-control': 'max-age=300',
21 silly get     'content-length': '51496',
21 silly get     'accept-ranges': 'bytes',
21 silly get     date: 'Tue, 12 Sep 2017 12:13:04 GMT',
21 silly get     via: '1.1 varnish',
21 silly get     age: '0',
21 silly get     connection: 'keep-alive',
21 silly get     'x-served-by': 'cache-gru17126-GRU',
21 silly get     'x-cache': 'HIT',
21 silly get     'x-cache-hits': '1',
21 silly get     'x-timer': 'S1505218385.530950,VS0,VE188',
21 silly get     vary: 'Accept-Encoding, Accept' } ]
22 verbose get saving node to C:\Users\lmiranda\AppData\Roaming\npm-cache\registry.npmjs.org\node\.cache.json
23 verbose correctMkdir C:\Users\lmiranda\AppData\Roaming\npm-cache correctMkdir not in flight; initializing
24 silly install normalizeTree
25 silly loadCurrentTree Finishing
26 silly loadIdealTree Starting
27 silly install loadIdealTree
28 silly cloneCurrentTree Starting
29 silly install cloneCurrentTreeToIdealTree
30 silly cloneCurrentTree Finishing
31 silly loadShrinkwrap Starting
32 silly install loadShrinkwrap
33 silly loadShrinkwrap Finishing
34 silly loadAllDepsIntoIdealTree Starting
35 silly install loadAllDepsIntoIdealTree
36 silly resolveWithNewModule node@8.3.0 checking installable status
37 silly cache add args [ 'node', null ]
38 verbose cache add spec node
39 silly cache add parsed spec Result {
39 silly cache add   raw: 'node',
39 silly cache add   scope: null,
39 silly cache add   escapedName: 'node',
39 silly cache add   name: 'node',
39 silly cache add   rawSpec: '',
39 silly cache add   spec: 'latest',
39 silly cache add   type: 'tag' }
40 silly addNamed node@latest
41 verbose addNamed "latest" is being treated as a dist-tag for node
42 info addNameTag [ 'node', 'latest' ]
43 silly mapToRegistry name node
44 silly mapToRegistry using default registry
45 silly mapToRegistry registry https://registry.npmjs.org/
46 silly mapToRegistry data Result {
46 silly mapToRegistry   raw: 'node',
46 silly mapToRegistry   scope: null,
46 silly mapToRegistry   escapedName: 'node',
46 silly mapToRegistry   name: 'node',
46 silly mapToRegistry   rawSpec: '',
46 silly mapToRegistry   spec: 'latest',
46 silly mapToRegistry   type: 'tag' }
47 silly mapToRegistry uri https://registry.npmjs.org/node
48 verbose addNameTag registry:https://registry.npmjs.org/node not in flight; fetching
49 verbose get https://registry.npmjs.org/node not expired, no request
50 silly addNameTag next cb for node with tag latest
51 silly addNamed node@8.3.0
52 verbose addNamed "8.3.0" is a plain semver version for node
53 silly mapToRegistry name node
54 silly mapToRegistry using default registry
55 silly mapToRegistry registry https://registry.npmjs.org/
56 silly mapToRegistry data Result {
56 silly mapToRegistry   raw: 'node',
56 silly mapToRegistry   scope: null,
56 silly mapToRegistry   escapedName: 'node',
56 silly mapToRegistry   name: 'node',
56 silly mapToRegistry   rawSpec: '',
56 silly mapToRegistry   spec: 'latest',
56 silly mapToRegistry   type: 'tag' }
57 silly mapToRegistry uri https://registry.npmjs.org/node
58 verbose addRemoteTarball https://registry.npmjs.org/node/-/node-8.3.0.tgz not in flight; adding
59 verbose addRemoteTarball [ 'https://registry.npmjs.org/node/-/node-8.3.0.tgz',
59 verbose addRemoteTarball   '478e84ffcc4be39938306ace1c4613c8231e5f44' ]
60 info retry fetch attempt 1 at 09:14:22
61 info attempt registry request try #1 at 09:14:22
62 http fetch GET https://registry.npmjs.org/node/-/node-8.3.0.tgz
63 http fetch 200 https://registry.npmjs.org/node/-/node-8.3.0.tgz
64 silly fetchAndShaCheck shasum 478e84ffcc4be39938306ace1c4613c8231e5f44
65 verbose addTmpTarball C:\Users\lmiranda\AppData\Local\Temp\npm-11288-a1d5da3d\registry.npmjs.org\node\-\node-8.3.0.tgz not in flight; adding
66 verbose addTmpTarball already have metadata; skipping unpack for node@8.3.0
67 verbose correctMkdir C:\Users\lmiranda\AppData\Roaming\npm-cache correctMkdir not in flight; initializing
68 silly cache afterAdd node@8.3.0
69 verbose afterAdd C:\Users\lmiranda\AppData\Roaming\npm-cache\node\8.3.0\package\package.json not in flight; writing
70 verbose correctMkdir C:\Users\lmiranda\AppData\Roaming\npm-cache correctMkdir not in flight; initializing
71 verbose afterAdd C:\Users\lmiranda\AppData\Roaming\npm-cache\node\8.3.0\package\package.json written
72 silly fetchNamedPackageData node-bin-setup
73 silly mapToRegistry name node-bin-setup
74 silly mapToRegistry using default registry
75 silly mapToRegistry registry https://registry.npmjs.org/
76 silly mapToRegistry data Result {
76 silly mapToRegistry   raw: 'node-bin-setup',
76 silly mapToRegistry   scope: null,
76 silly mapToRegistry   escapedName: 'node-bin-setup',
76 silly mapToRegistry   name: 'node-bin-setup',
76 silly mapToRegistry   rawSpec: '',
76 silly mapToRegistry   spec: 'latest',
76 silly mapToRegistry   type: 'tag' }
77 silly mapToRegistry uri https://registry.npmjs.org/node-bin-setup
78 verbose request uri https://registry.npmjs.org/node-bin-setup
79 verbose request no auth needed
80 info attempt registry request try #1 at 09:14:22
81 http request GET https://registry.npmjs.org/node-bin-setup
82 http 200 https://registry.npmjs.org/node-bin-setup
83 verbose headers { server: 'nginx/1.10.1',
83 verbose headers   'content-type': 'application/json',
83 verbose headers   'last-modified': 'Tue, 25 Jul 2017 03:32:58 GMT',
83 verbose headers   etag: 'W/"5976bbea-1511"',
83 verbose headers   'content-encoding': 'gzip',
83 verbose headers   'cache-control': 'max-age=300',
83 verbose headers   'content-length': '1464',
83 verbose headers   'accept-ranges': 'bytes',
83 verbose headers   date: 'Tue, 12 Sep 2017 12:13:05 GMT',
83 verbose headers   via: '1.1 varnish',
83 verbose headers   age: '0',
83 verbose headers   connection: 'keep-alive',
83 verbose headers   'x-served-by': 'cache-gru17126-GRU',
83 verbose headers   'x-cache': 'HIT',
83 verbose headers   'x-cache-hits': '1',
83 verbose headers   'x-timer': 'S1505218385.992911,VS0,VE187',
83 verbose headers   vary: 'Accept-Encoding, Accept' }
84 silly get cb [ 200,
84 silly get   { server: 'nginx/1.10.1',
84 silly get     'content-type': 'application/json',
84 silly get     'last-modified': 'Tue, 25 Jul 2017 03:32:58 GMT',
84 silly get     etag: 'W/"5976bbea-1511"',
84 silly get     'content-encoding': 'gzip',
84 silly get     'cache-control': 'max-age=300',
84 silly get     'content-length': '1464',
84 silly get     'accept-ranges': 'bytes',
84 silly get     date: 'Tue, 12 Sep 2017 12:13:05 GMT',
84 silly get     via: '1.1 varnish',
84 silly get     age: '0',
84 silly get     connection: 'keep-alive',
84 silly get     'x-served-by': 'cache-gru17126-GRU',
84 silly get     'x-cache': 'HIT',
84 silly get     'x-cache-hits': '1',
84 silly get     'x-timer': 'S1505218385.992911,VS0,VE187',
84 silly get     vary: 'Accept-Encoding, Accept' } ]
85 verbose get saving node-bin-setup to C:\Users\lmiranda\AppData\Roaming\npm-cache\registry.npmjs.org\node-bin-setup\.cache.json
86 verbose correctMkdir C:\Users\lmiranda\AppData\Roaming\npm-cache correctMkdir not in flight; initializing
87 silly resolveWithNewModule node-bin-setup@1.0.6 checking installable status
88 silly cache add args [ 'node-bin-setup@^1.0.0', null ]
89 verbose cache add spec node-bin-setup@^1.0.0
90 silly cache add parsed spec Result {
90 silly cache add   raw: 'node-bin-setup@^1.0.0',
90 silly cache add   scope: null,
90 silly cache add   escapedName: 'node-bin-setup',
90 silly cache add   name: 'node-bin-setup',
90 silly cache add   rawSpec: '^1.0.0',
90 silly cache add   spec: '>=1.0.0 <2.0.0',
90 silly cache add   type: 'range' }
91 silly addNamed node-bin-setup@>=1.0.0 <2.0.0
92 verbose addNamed ">=1.0.0 <2.0.0" is a valid semver range for node-bin-setup
93 silly addNameRange { name: 'node-bin-setup',
93 silly addNameRange   range: '>=1.0.0 <2.0.0',
93 silly addNameRange   hasData: false }
94 silly mapToRegistry name node-bin-setup
95 silly mapToRegistry using default registry
96 silly mapToRegistry registry https://registry.npmjs.org/
97 silly mapToRegistry data Result {
97 silly mapToRegistry   raw: 'node-bin-setup',
97 silly mapToRegistry   scope: null,
97 silly mapToRegistry   escapedName: 'node-bin-setup',
97 silly mapToRegistry   name: 'node-bin-setup',
97 silly mapToRegistry   rawSpec: '',
97 silly mapToRegistry   spec: 'latest',
97 silly mapToRegistry   type: 'tag' }
98 silly mapToRegistry uri https://registry.npmjs.org/node-bin-setup
99 verbose addNameRange registry:https://registry.npmjs.org/node-bin-setup not in flight; fetching
100 verbose get https://registry.npmjs.org/node-bin-setup not expired, no request
101 silly addNameRange number 2 { name: 'node-bin-setup',
101 silly addNameRange   range: '>=1.0.0 <2.0.0',
101 silly addNameRange   hasData: true }
102 silly addNameRange versions [ 'node-bin-setup',
102 silly addNameRange   [ '1.0.0', '1.0.1', '1.0.2', '1.0.3', '1.0.4', '1.0.6' ] ]
103 silly addNamed node-bin-setup@1.0.6
104 verbose addNamed "1.0.6" is a plain semver version for node-bin-setup
105 silly mapToRegistry name node-bin-setup
106 silly mapToRegistry using default registry
107 silly mapToRegistry registry https://registry.npmjs.org/
108 silly mapToRegistry data Result {
108 silly mapToRegistry   raw: 'node-bin-setup',
108 silly mapToRegistry   scope: null,
108 silly mapToRegistry   escapedName: 'node-bin-setup',
108 silly mapToRegistry   name: 'node-bin-setup',
108 silly mapToRegistry   rawSpec: '',
108 silly mapToRegistry   spec: 'latest',
108 silly mapToRegistry   type: 'tag' }
109 silly mapToRegistry uri https://registry.npmjs.org/node-bin-setup
110 verbose addRemoteTarball https://registry.npmjs.org/node-bin-setup/-/node-bin-setup-1.0.6.tgz not in flight; adding
111 verbose addRemoteTarball [ 'https://registry.npmjs.org/node-bin-setup/-/node-bin-setup-1.0.6.tgz',
111 verbose addRemoteTarball   '4b5c9bb937ece702d7069b36ca78af4684677528' ]
112 info retry fetch attempt 1 at 09:14:23
113 info attempt registry request try #1 at 09:14:23
114 http fetch GET https://registry.npmjs.org/node-bin-setup/-/node-bin-setup-1.0.6.tgz
115 http fetch 200 https://registry.npmjs.org/node-bin-setup/-/node-bin-setup-1.0.6.tgz
116 silly fetchAndShaCheck shasum 4b5c9bb937ece702d7069b36ca78af4684677528
117 verbose addTmpTarball C:\Users\lmiranda\AppData\Local\Temp\npm-11288-a1d5da3d\registry.npmjs.org\node-bin-setup\-\node-bin-setup-1.0.6.tgz not in flight; adding
118 verbose addTmpTarball already have metadata; skipping unpack for node-bin-setup@1.0.6
119 verbose correctMkdir C:\Users\lmiranda\AppData\Roaming\npm-cache correctMkdir not in flight; initializing
120 silly cache afterAdd node-bin-setup@1.0.6
121 verbose afterAdd C:\Users\lmiranda\AppData\Roaming\npm-cache\node-bin-setup\1.0.6\package\package.json not in flight; writing
122 verbose correctMkdir C:\Users\lmiranda\AppData\Roaming\npm-cache correctMkdir not in flight; initializing
123 verbose afterAdd C:\Users\lmiranda\AppData\Roaming\npm-cache\node-bin-setup\1.0.6\package\package.json written
124 silly fetchNamedPackageData number-is-nan
125 silly mapToRegistry name number-is-nan
126 silly mapToRegistry using default registry
127 silly mapToRegistry registry https://registry.npmjs.org/
128 silly mapToRegistry data Result {
128 silly mapToRegistry   raw: 'number-is-nan',
128 silly mapToRegistry   scope: null,
128 silly mapToRegistry   escapedName: 'number-is-nan',
128 silly mapToRegistry   name: 'number-is-nan',
128 silly mapToRegistry   rawSpec: '',
128 silly mapToRegistry   spec: 'latest',
128 silly mapToRegistry   type: 'tag' }
129 silly mapToRegistry uri https://registry.npmjs.org/number-is-nan
130 verbose request uri https://registry.npmjs.org/number-is-nan
131 verbose request no auth needed
132 info attempt registry request try #1 at 09:14:23
133 verbose etag W/"58bbfb1a-f47"
134 verbose lastModified Sun, 05 Mar 2017 11:48:42 GMT
135 http request GET https://registry.npmjs.org/number-is-nan
136 http 304 https://registry.npmjs.org/number-is-nan
137 verbose headers { date: 'Tue, 12 Sep 2017 12:13:05 GMT',
137 verbose headers   via: '1.1 varnish',
137 verbose headers   'cache-control': 'max-age=300',
137 verbose headers   etag: 'W/"58bbfb1a-f47"',
137 verbose headers   age: '139',
137 verbose headers   connection: 'keep-alive',
137 verbose headers   'x-served-by': 'cache-gru17126-GRU',
137 verbose headers   'x-cache': 'HIT',
137 verbose headers   'x-cache-hits': '4',
137 verbose headers   'x-timer': 'S1505218385.387358,VS0,VE0',
137 verbose headers   vary: 'Accept-Encoding, Accept' }
138 silly get cb [ 304,
138 silly get   { date: 'Tue, 12 Sep 2017 12:13:05 GMT',
138 silly get     via: '1.1 varnish',
138 silly get     'cache-control': 'max-age=300',
138 silly get     etag: 'W/"58bbfb1a-f47"',
138 silly get     age: '139',
138 silly get     connection: 'keep-alive',
138 silly get     'x-served-by': 'cache-gru17126-GRU',
138 silly get     'x-cache': 'HIT',
138 silly get     'x-cache-hits': '4',
138 silly get     'x-timer': 'S1505218385.387358,VS0,VE0',
138 silly get     vary: 'Accept-Encoding, Accept' } ]
139 verbose etag https://registry.npmjs.org/number-is-nan from cache
140 verbose get saving number-is-nan to C:\Users\lmiranda\AppData\Roaming\npm-cache\registry.npmjs.org\number-is-nan\.cache.json
141 verbose correctMkdir C:\Users\lmiranda\AppData\Roaming\npm-cache correctMkdir not in flight; initializing
142 silly resolveWithNewModule number-is-nan@1.0.1 checking installable status
143 silly cache add args [ 'number-is-nan@^1.0.0', null ]
144 verbose cache add spec number-is-nan@^1.0.0
145 silly cache add parsed spec Result {
145 silly cache add   raw: 'number-is-nan@^1.0.0',
145 silly cache add   scope: null,
145 silly cache add   escapedName: 'number-is-nan',
145 silly cache add   name: 'number-is-nan',
145 silly cache add   rawSpec: '^1.0.0',
145 silly cache add   spec: '>=1.0.0 <2.0.0',
145 silly cache add   type: 'range' }
146 silly addNamed number-is-nan@>=1.0.0 <2.0.0
147 verbose addNamed ">=1.0.0 <2.0.0" is a valid semver range for number-is-nan
148 silly addNameRange { name: 'number-is-nan',
148 silly addNameRange   range: '>=1.0.0 <2.0.0',
148 silly addNameRange   hasData: false }
149 silly mapToRegistry name number-is-nan
150 silly mapToRegistry using default registry
151 silly mapToRegistry registry https://registry.npmjs.org/
152 silly mapToRegistry data Result {
152 silly mapToRegistry   raw: 'number-is-nan',
152 silly mapToRegistry   scope: null,
152 silly mapToRegistry   escapedName: 'number-is-nan',
152 silly mapToRegistry   name: 'number-is-nan',
152 silly mapToRegistry   rawSpec: '',
152 silly mapToRegistry   spec: 'latest',
152 silly mapToRegistry   type: 'tag' }
153 silly mapToRegistry uri https://registry.npmjs.org/number-is-nan
154 verbose addNameRange registry:https://registry.npmjs.org/number-is-nan not in flight; fetching
155 verbose get https://registry.npmjs.org/number-is-nan not expired, no request
156 silly addNameRange number 2 { name: 'number-is-nan', range: '>=1.0.0 <2.0.0', hasData: true }
157 silly addNameRange versions [ 'number-is-nan', [ '1.0.0', '1.0.1' ] ]
158 silly addNamed number-is-nan@1.0.1
159 verbose addNamed "1.0.1" is a plain semver version for number-is-nan
160 silly cache afterAdd number-is-nan@1.0.1
161 verbose afterAdd C:\Users\lmiranda\AppData\Roaming\npm-cache\number-is-nan\1.0.1\package\package.json not in flight; writing
162 verbose correctMkdir C:\Users\lmiranda\AppData\Roaming\npm-cache correctMkdir not in flight; initializing
163 verbose afterAdd C:\Users\lmiranda\AppData\Roaming\npm-cache\number-is-nan\1.0.1\package\package.json written
164 silly loadAllDepsIntoIdealTree Finishing
165 silly loadIdealTree Finishing
166 silly currentTree Servidor
166 silly currentTree +-- accepts@1.3.3
166 silly currentTree +-- after@0.8.2
166 silly currentTree +-- arraybuffer.slice@0.0.6
166 silly currentTree +-- backo2@1.0.2
166 silly currentTree +-- base64-arraybuffer@0.1.5
166 silly currentTree +-- base64id@1.0.0
166 silly currentTree +-- better-assert@1.0.2
166 silly currentTree +-- blob@0.0.4
166 silly currentTree +-- callsite@1.0.0
166 silly currentTree +-- component-bind@1.0.0
166 silly currentTree +-- component-emitter@1.1.2
166 silly currentTree +-- component-inherit@0.0.3
166 silly currentTree +-- cookie@0.3.1
166 silly currentTree +-- debug@2.3.3
166 silly currentTree +-- engine.io-client@1.8.3
166 silly currentTree | `-- component-emitter@1.2.1
166 silly currentTree +-- engine.io-parser@1.3.2
166 silly currentTree +-- engine.io@1.8.3
166 silly currentTree +-- has-binary@0.1.7
166 silly currentTree +-- has-cors@1.1.0
166 silly currentTree +-- indexof@0.0.1
166 silly currentTree +-- isarray@0.0.1
166 silly currentTree +-- json3@3.3.2
166 silly currentTree +-- mime-db@1.26.0
166 silly currentTree +-- mime-types@2.1.14
166 silly currentTree +-- ms@0.7.2
166 silly currentTree +-- negotiator@0.6.1
166 silly currentTree +-- npm@3.10.10
166 silly currentTree | +-- abbrev@1.0.9
166 silly currentTree | +-- ansi-regex@2.0.0
166 silly currentTree | +-- ansicolors@0.3.2
166 silly currentTree | +-- ansistyles@0.1.3
166 silly currentTree | +-- aproba@1.0.4
166 silly currentTree | +-- archy@1.0.0
166 silly currentTree | +-- asap@2.0.5
166 silly currentTree | +-- chownr@1.0.1
166 silly currentTree | +-- cmd-shim@2.0.2
166 silly currentTree | +-- columnify@1.5.4
166 silly currentTree | | `-- wcwidth@1.0.0
166 silly currentTree | |   `-- defaults@1.0.3
166 silly currentTree | |     `-- clone@1.0.2
166 silly currentTree | +-- config-chain@1.1.11
166 silly currentTree | | `-- proto-list@1.2.4
166 silly currentTree | +-- debuglog@1.0.1
166 silly currentTree | +-- dezalgo@1.0.3
166 silly currentTree | +-- editor@1.0.0
166 silly currentTree | +-- fs-vacuum@1.2.9
166 silly currentTree | +-- fs-write-stream-atomic@1.0.8
166 silly currentTree | +-- fstream-npm@1.2.0
166 silly currentTree | | `-- fstream-ignore@1.0.5
166 silly currentTree | |   `-- minimatch@3.0.3
166 silly currentTree | |     `-- brace-expansion@1.1.6
166 silly currentTree | |       +-- balanced-match@0.4.2
166 silly currentTree | |       `-- concat-map@0.0.1
166 silly currentTree | +-- fstream@1.0.10
166 silly currentTree | +-- glob@7.1.0
166 silly currentTree | | +-- fs.realpath@1.0.0
166 silly currentTree | | +-- minimatch@3.0.3
166 silly currentTree | | | `-- brace-expansion@1.1.6
166 silly currentTree | | |   +-- balanced-match@0.4.2
166 silly currentTree | | |   `-- concat-map@0.0.1
166 silly currentTree | | `-- path-is-absolute@1.0.1
166 silly currentTree | +-- graceful-fs@4.1.9
166 silly currentTree | +-- has-unicode@2.0.1
166 silly currentTree | +-- hosted-git-info@2.1.5
166 silly currentTree | +-- iferr@0.1.5
166 silly currentTree | +-- imurmurhash@0.1.4
166 silly currentTree | +-- inflight@1.0.5
166 silly currentTree | +-- inherits@2.0.3
166 silly currentTree | +-- ini@1.3.4
166 silly currentTree | +-- init-package-json@1.9.4
166 silly currentTree | | +-- glob@6.0.4
166 silly currentTree | | | +-- minimatch@3.0.3
166 silly currentTree | | | | `-- brace-expansion@1.1.6
166 silly currentTree | | | |   +-- balanced-match@0.4.2
166 silly currentTree | | | |   `-- concat-map@0.0.1
166 silly currentTree | | | `-- path-is-absolute@1.0.0
166 silly currentTree | | `-- promzard@0.3.0
166 silly currentTree | +-- lockfile@1.0.2
166 silly currentTree | +-- lodash._baseindexof@3.1.0
166 silly currentTree | +-- lodash._baseuniq@4.6.0
166 silly currentTree | | +-- lodash._createset@4.0.3
166 silly currentTree | | `-- lodash._root@3.0.1
166 silly currentTree | +-- lodash._bindcallback@3.0.1
166 silly currentTree | +-- lodash._cacheindexof@3.0.2
166 silly currentTree | +-- lodash._createcache@3.1.2
166 silly currentTree | +-- lodash._getnative@3.9.1
166 silly currentTree | +-- lodash.clonedeep@4.5.0
166 silly currentTree | +-- lodash.restparam@3.6.1
166 silly currentTree | +-- lodash.union@4.6.0
166 silly currentTree | +-- lodash.uniq@4.5.0
166 silly currentTree | +-- lodash.without@4.4.0
166 silly currentTree | +-- mkdirp@0.5.1
166 silly currentTree | | `-- minimist@0.0.8
166 silly currentTree | +-- node-gyp@3.4.0
166 silly currentTree | | +-- minimatch@3.0.3
166 silly currentTree | | | `-- brace-expansion@1.1.6
166 silly currentTree | | |   +-- balanced-match@0.4.2
166 silly currentTree | | |   `-- concat-map@0.0.1
166 silly currentTree | | +-- npmlog@3.1.2
166 silly currentTree | | | +-- are-we-there-yet@1.1.2
166 silly currentTree | | | | `-- delegates@1.0.0
166 silly currentTree | | | +-- console-control-strings@1.1.0
166 silly currentTree | | | +-- gauge@2.6.0
166 silly currentTree | | | | +-- has-color@0.1.7
166 silly currentTree | | | | +-- object-assign@4.1.0
166 silly currentTree | | | | +-- signal-exit@3.0.0
166 silly currentTree | | | | +-- string-width@1.0.2
166 silly currentTree | | | | | +-- code-point-at@1.0.0
166 silly currentTree | | | | | | `-- number-is-nan@1.0.0
166 silly currentTree | | | | | `-- is-fullwidth-code-point@1.0.0
166 silly currentTree | | | | |   `-- number-is-nan@1.0.0
166 silly currentTree | | | | `-- wide-align@1.1.0
166 silly currentTree | | | `-- set-blocking@2.0.0
166 silly currentTree | | `-- path-array@1.0.1
166 silly currentTree | |   `-- array-index@1.0.0
166 silly currentTree | |     +-- debug@2.2.0
166 silly currentTree | |     | `-- ms@0.7.1
166 silly currentTree | |     `-- es6-symbol@3.1.0
166 silly currentTree | |       +-- d@0.1.1
166 silly currentTree | |       `-- es5-ext@0.10.12
166 silly currentTree | |         `-- es6-iterator@2.0.0
166 silly currentTree | +-- nopt@3.0.6
166 silly currentTree | +-- normalize-git-url@3.0.2
166 silly currentTree | +-- normalize-package-data@2.3.5
166 silly currentTree | | `-- is-builtin-module@1.0.0
166 silly currentTree | |   `-- builtin-modules@1.1.1
166 silly currentTree | +-- npm-cache-filename@1.0.2
166 silly currentTree | +-- npm-install-checks@3.0.0
166 silly currentTree | +-- npm-package-arg@4.2.0
166 silly currentTree | +-- npm-registry-client@7.2.1
166 silly currentTree | | +-- concat-stream@1.5.2
166 silly currentTree | | | +-- readable-stream@2.0.6
166 silly currentTree | | | | +-- core-util-is@1.0.2
166 silly currentTree | | | | +-- isarray@1.0.0
166 silly currentTree | | | | +-- process-nextick-args@1.0.7
166 silly currentTree | | | | +-- string_decoder@0.10.31
166 silly currentTree | | | | `-- util-deprecate@1.0.2
166 silly currentTree | | | `-- typedarray@0.0.6
166 silly currentTree | | +-- npmlog@3.1.2
166 silly currentTree | | | +-- are-we-there-yet@1.1.2
166 silly currentTree | | | | `-- delegates@1.0.0
166 silly currentTree | | | +-- console-control-strings@1.1.0
166 silly currentTree | | | +-- gauge@2.6.0
166 silly currentTree | | | | +-- has-color@0.1.7
166 silly currentTree | | | | +-- object-assign@4.1.0
166 silly currentTree | | | | +-- signal-exit@3.0.0
166 silly currentTree | | | | +-- string-width@1.0.2
166 silly currentTree | | | | | +-- code-point-at@1.0.0
166 silly currentTree | | | | | | `-- number-is-nan@1.0.0
166 silly currentTree | | | | | `-- is-fullwidth-code-point@1.0.0
166 silly currentTree | | | | |   `-- number-is-nan
166 silly currentTree | | | | `-- wide-align@1.1.0
166 silly currentTree | | | `-- set-blocking@2.0.0
166 silly currentTree | | `-- retry@0.10.0
166 silly currentTree | +-- npm-user-validate@0.1.5
166 silly currentTree | +-- npmlog@4.0.0
166 silly currentTree | | +-- are-we-there-yet@1.1.2
166 silly currentTree | | | `-- delegates@1.0.0
166 silly currentTree | | +-- console-control-strings@1.1.0
166 silly currentTree | | +-- gauge@2.6.0
166 silly currentTree | | | +-- has-color@0.1.7
166 silly currentTree | | | +-- object-assign@4.1.0
166 silly currentTree | | | +-- signal-exit@3.0.0
166 silly currentTree | | | +-- string-width@1.0.2
166 silly currentTree | | | | +-- code-point-at@1.0.0
166 silly currentTree | | | | | `-- number-is-nan@1.0.0
166 silly currentTree | | | | `-- is-fullwidth-code-point@1.0.0
166 silly currentTree | | | |   `-- number-is-nan@1.0.0
166 silly currentTree | | | `-- wide-align@1.1.0
166 silly currentTree | | `-- set-blocking@2.0.0
166 silly currentTree | +-- once@1.4.0
166 silly currentTree | +-- opener@1.4.2
166 silly currentTree | +-- osenv@0.1.3
166 silly currentTree | | +-- os-homedir@1.0.1
166 silly currentTree | | `-- os-tmpdir@1.0.1
166 silly currentTree | +-- path-is-inside@1.0.2
166 silly currentTree | +-- read-cmd-shim@1.0.1
166 silly currentTree | +-- read-installed@4.0.3
166 silly currentTree | | `-- util-extend@1.0.3
166 silly currentTree | +-- read-package-json@2.0.4
166 silly currentTree | | +-- glob@6.0.4
166 silly currentTree | | | +-- minimatch@3.0.3
166 silly currentTree | | | | `-- brace-expansion@1.1.6
166 silly currentTree | | | |   +-- balanced-match@0.4.2
166 silly currentTree | | | |   `-- concat-map@0.0.1
166 silly currentTree | | | `-- path-is-absolute@1.0.0
166 silly currentTree | | `-- json-parse-helpfulerror@1.0.3
166 silly currentTree | |   `-- jju@1.3.0
166 silly currentTree | +-- read-package-tree@5.1.5
166 silly currentTree | +-- read@1.0.7
166 silly currentTree | | `-- mute-stream@0.0.5
166 silly currentTree | +-- readable-stream@2.1.5
166 silly currentTree | | +-- buffer-shims@1.0.0
166 silly currentTree | | +-- core-util-is@1.0.2
166 silly currentTree | | +-- isarray@1.0.0
166 silly currentTree | | +-- process-nextick-args@1.0.7
166 silly currentTree | | +-- string_decoder@0.10.31
166 silly currentTree | | `-- util-deprecate@1.0.2
166 silly currentTree | +-- readdir-scoped-modules@1.0.2
166 silly currentTree | +-- realize-package-specifier@3.0.3
166 silly currentTree | +-- request@2.75.0
166 silly currentTree | | +-- aws-sign2@0.6.0
166 silly currentTree | | +-- aws4@1.4.1
166 silly currentTree | | +-- bl@1.1.2
166 silly currentTree | | | `-- readable-stream@2.0.6
166 silly currentTree | | |   +-- core-util-is@1.0.2
166 silly currentTree | | |   +-- isarray@1.0.0
166 silly currentTree | | |   +-- process-nextick-args@1.0.7
166 silly currentTree | | |   +-- string_decoder@0.10.31
166 silly currentTree | | |   `-- util-deprecate@1.0.2
166 silly currentTree | | +-- caseless@0.11.0
166 silly currentTree | | +-- combined-stream@1.0.5
166 silly currentTree | | | `-- delayed-stream@1.0.0
166 silly currentTree | | +-- extend@3.0.0
166 silly currentTree | | +-- forever-agent@0.6.1
166 silly currentTree | | +-- form-data@2.0.0
166 silly currentTree | | | `-- asynckit@0.4.0
166 silly currentTree | | +-- har-validator@2.0.6
166 silly currentTree | | | +-- chalk@1.1.3
166 silly currentTree | | | | +-- ansi-styles@2.2.1
166 silly currentTree | | | | +-- escape-string-regexp@1.0.5
166 silly currentTree | | | | +-- has-ansi@2.0.0
166 silly currentTree | | | | `-- supports-color@2.0.0
166 silly currentTree | | | +-- commander@2.9.0
166 silly currentTree | | | | `-- graceful-readlink@1.0.1
166 silly currentTree | | | +-- is-my-json-valid@2.15.0
166 silly currentTree | | | | +-- generate-function@2.0.0
166 silly currentTree | | | | +-- generate-object-property@1.2.0
166 silly currentTree | | | | | `-- is-property@1.0.2
166 silly currentTree | | | | +-- jsonpointer@4.0.0
166 silly currentTree | | | | `-- xtend@4.0.1
166 silly currentTree | | | `-- pinkie-promise@2.0.1
166 silly currentTree | | |   `-- pinkie@2.0.4
166 silly currentTree | | +-- hawk@3.1.3
166 silly currentTree | | | +-- boom@2.10.1
166 silly currentTree | | | +-- cryptiles@2.0.5
166 silly currentTree | | | +-- hoek@2.16.3
166 silly currentTree | | | `-- sntp@1.0.9
166 silly currentTree | | +-- http-signature@1.1.1
166 silly currentTree | | | +-- assert-plus@0.2.0
166 silly currentTree | | | +-- jsprim@1.3.1
166 silly currentTree | | | | +-- extsprintf@1.0.2
166 silly currentTree | | | | +-- json-schema@0.2.3
166 silly currentTree | | | | `-- verror@1.3.6
166 silly currentTree | | | `-- sshpk@1.10.1
166 silly currentTree | | |   +-- asn1@0.2.3
166 silly currentTree | | |   +-- assert-plus@1.0.0
166 silly currentTree | | |   +-- bcrypt-pbkdf@1.0.0
166 silly currentTree | | |   +-- dashdash@1.14.0
166 silly currentTree | | |   +-- ecc-jsbn@0.1.1
166 silly currentTree | | |   +-- getpass@0.1.6
166 silly currentTree | | |   +-- jodid25519@1.0.2
166 silly currentTree | | |   +-- jsbn@0.1.0
166 silly currentTree | | |   `-- tweetnacl@0.14.3
166 silly currentTree | | +-- is-typedarray@1.0.0
166 silly currentTree | | +-- isstream@0.1.2
166 silly currentTree | | +-- json-stringify-safe@5.0.1
166 silly currentTree | | +-- mime-types@2.1.12
166 silly currentTree | | | `-- mime-db@1.24.0
166 silly currentTree | | +-- node-uuid@1.4.7
166 silly currentTree | | +-- oauth-sign@0.8.2
166 silly currentTree | | +-- qs@6.2.1
166 silly currentTree | | +-- stringstream@0.0.5
166 silly currentTree | | +-- tough-cookie@2.3.1
166 silly currentTree | | `-- tunnel-agent@0.4.3
166 silly currentTree | +-- retry@0.10.0
166 silly currentTree | +-- rimraf@2.5.4
166 silly currentTree | +-- semver@5.3.0
166 silly currentTree | +-- sha@2.0.1
166 silly currentTree | +-- slide@1.1.6
166 silly currentTree | +-- sorted-object@2.0.1
166 silly currentTree | +-- strip-ansi@3.0.1
166 silly currentTree | +-- tar@2.2.1
166 silly currentTree | | `-- block-stream@0.0.8
166 silly currentTree | +-- text-table@0.2.0
166 silly currentTree | +-- uid-number@0.0.6
166 silly currentTree | +-- umask@1.1.0
166 silly currentTree | +-- unique-filename@1.1.0
166 silly currentTree | | `-- unique-slug@2.0.0
166 silly currentTree | +-- unpipe@1.0.0
166 silly currentTree | +-- validate-npm-package-license@3.0.1
166 silly currentTree | | +-- spdx-correct@1.0.2
166 silly currentTree | | | `-- spdx-license-ids@1.2.0
166 silly currentTree | | `-- spdx-expression-parse@1.0.2
166 silly currentTree | |   +-- spdx-exceptions@1.0.4
166 silly currentTree | |   `-- spdx-license-ids@1.2.0
166 silly currentTree | +-- validate-npm-package-name@2.2.2
166 silly currentTree | | `-- builtins@0.0.7
166 silly currentTree | +-- which@1.2.11
166 silly currentTree | | `-- isexe@1.1.2
166 silly currentTree | +-- wrappy@1.0.2
166 silly currentTree | `-- write-file-atomic@1.2.0
166 silly currentTree +-- object-assign@4.1.0
166 silly currentTree +-- object-component@0.0.3
166 silly currentTree +-- options@0.0.6
166 silly currentTree +-- parsejson@0.0.3
166 silly currentTree +-- parseqs@0.0.5
166 silly currentTree +-- parseuri@0.0.5
166 silly currentTree +-- shortid@2.2.8
166 silly currentTree +-- socket.io-adapter@0.5.0
166 silly currentTree +-- socket.io-client@1.7.3
166 silly currentTree | `-- component-emitter@1.2.1
166 silly currentTree +-- socket.io-parser@2.3.1
166 silly currentTree | +-- debug@2.2.0
166 silly currentTree | `-- ms@0.7.1
166 silly currentTree +-- socket.io@1.7.3
166 silly currentTree +-- to-array@0.1.4
166 silly currentTree +-- ultron@1.0.2
166 silly currentTree +-- ws@1.1.2
166 silly currentTree +-- wtf-8@1.0.0
166 silly currentTree +-- xmlhttprequest-ssl@1.5.3
166 silly currentTree `-- yeast@0.1.2
167 silly idealTree Servidor
167 silly idealTree +-- accepts@1.3.3
167 silly idealTree +-- after@0.8.2
167 silly idealTree +-- arraybuffer.slice@0.0.6
167 silly idealTree +-- backo2@1.0.2
167 silly idealTree +-- base64-arraybuffer@0.1.5
167 silly idealTree +-- base64id@1.0.0
167 silly idealTree +-- better-assert@1.0.2
167 silly idealTree +-- blob@0.0.4
167 silly idealTree +-- callsite@1.0.0
167 silly idealTree +-- component-bind@1.0.0
167 silly idealTree +-- component-emitter@1.1.2
167 silly idealTree +-- component-inherit@0.0.3
167 silly idealTree +-- cookie@0.3.1
167 silly idealTree +-- debug@2.3.3
167 silly idealTree +-- engine.io-client@1.8.3
167 silly idealTree | `-- component-emitter@1.2.1
167 silly idealTree +-- engine.io-parser@1.3.2
167 silly idealTree +-- engine.io@1.8.3
167 silly idealTree +-- has-binary@0.1.7
167 silly idealTree +-- has-cors@1.1.0
167 silly idealTree +-- indexof@0.0.1
167 silly idealTree +-- isarray@0.0.1
167 silly idealTree +-- json3@3.3.2
167 silly idealTree +-- mime-db@1.26.0
167 silly idealTree +-- mime-types@2.1.14
167 silly idealTree +-- ms@0.7.2
167 silly idealTree +-- negotiator@0.6.1
167 silly idealTree +-- node-bin-setup@1.0.6
167 silly idealTree +-- node@8.3.0
167 silly idealTree +-- npm@3.10.10
167 silly idealTree | +-- abbrev@1.0.9
167 silly idealTree | +-- ansi-regex@2.0.0
167 silly idealTree | +-- ansicolors@0.3.2
167 silly idealTree | +-- ansistyles@0.1.3
167 silly idealTree | +-- aproba@1.0.4
167 silly idealTree | +-- archy@1.0.0
167 silly idealTree | +-- asap@2.0.5
167 silly idealTree | +-- chownr@1.0.1
167 silly idealTree | +-- cmd-shim@2.0.2
167 silly idealTree | +-- columnify@1.5.4
167 silly idealTree | | `-- wcwidth@1.0.0
167 silly idealTree | |   `-- defaults@1.0.3
167 silly idealTree | |     `-- clone@1.0.2
167 silly idealTree | +-- config-chain@1.1.11
167 silly idealTree | | `-- proto-list@1.2.4
167 silly idealTree | +-- debuglog@1.0.1
167 silly idealTree | +-- dezalgo@1.0.3
167 silly idealTree | +-- editor@1.0.0
167 silly idealTree | +-- fs-vacuum@1.2.9
167 silly idealTree | +-- fs-write-stream-atomic@1.0.8
167 silly idealTree | +-- fstream-npm@1.2.0
167 silly idealTree | | `-- fstream-ignore@1.0.5
167 silly idealTree | |   `-- minimatch@3.0.3
167 silly idealTree | |     `-- brace-expansion@1.1.6
167 silly idealTree | |       +-- balanced-match@0.4.2
167 silly idealTree | |       `-- concat-map@0.0.1
167 silly idealTree | +-- fstream@1.0.10
167 silly idealTree | +-- glob@7.1.0
167 silly idealTree | | +-- fs.realpath@1.0.0
167 silly idealTree | | +-- minimatch@3.0.3
167 silly idealTree | | | `-- brace-expansion@1.1.6
167 silly idealTree | | |   +-- balanced-match@0.4.2
167 silly idealTree | | |   `-- concat-map@0.0.1
167 silly idealTree | | `-- path-is-absolute@1.0.1
167 silly idealTree | +-- graceful-fs@4.1.9
167 silly idealTree | +-- has-unicode@2.0.1
167 silly idealTree | +-- hosted-git-info@2.1.5
167 silly idealTree | +-- iferr@0.1.5
167 silly idealTree | +-- imurmurhash@0.1.4
167 silly idealTree | +-- inflight@1.0.5
167 silly idealTree | +-- inherits@2.0.3
167 silly idealTree | +-- ini@1.3.4
167 silly idealTree | +-- init-package-json@1.9.4
167 silly idealTree | | +-- glob@6.0.4
167 silly idealTree | | | +-- minimatch@3.0.3
167 silly idealTree | | | | `-- brace-expansion@1.1.6
167 silly idealTree | | | |   +-- balanced-match@0.4.2
167 silly idealTree | | | |   `-- concat-map@0.0.1
167 silly idealTree | | | `-- path-is-absolute@1.0.0
167 silly idealTree | | `-- promzard@0.3.0
167 silly idealTree | +-- lockfile@1.0.2
167 silly idealTree | +-- lodash._baseindexof@3.1.0
167 silly idealTree | +-- lodash._baseuniq@4.6.0
167 silly idealTree | | +-- lodash._createset@4.0.3
167 silly idealTree | | `-- lodash._root@3.0.1
167 silly idealTree | +-- lodash._bindcallback@3.0.1
167 silly idealTree | +-- lodash._cacheindexof@3.0.2
167 silly idealTree | +-- lodash._createcache@3.1.2
167 silly idealTree | +-- lodash._getnative@3.9.1
167 silly idealTree | +-- lodash.clonedeep@4.5.0
167 silly idealTree | +-- lodash.restparam@3.6.1
167 silly idealTree | +-- lodash.union@4.6.0
167 silly idealTree | +-- lodash.uniq@4.5.0
167 silly idealTree | +-- lodash.without@4.4.0
167 silly idealTree | +-- mkdirp@0.5.1
167 silly idealTree | | `-- minimist@0.0.8
167 silly idealTree | +-- node-gyp@3.4.0
167 silly idealTree | | +-- minimatch@3.0.3
167 silly idealTree | | | `-- brace-expansion@1.1.6
167 silly idealTree | | |   +-- balanced-match@0.4.2
167 silly idealTree | | |   `-- concat-map@0.0.1
167 silly idealTree | | +-- npmlog@3.1.2
167 silly idealTree | | | +-- are-we-there-yet@1.1.2
167 silly idealTree | | | | `-- delegates@1.0.0
167 silly idealTree | | | +-- console-control-strings@1.1.0
167 silly idealTree | | | +-- gauge@2.6.0
167 silly idealTree | | | | +-- has-color@0.1.7
167 silly idealTree | | | | +-- object-assign@4.1.0
167 silly idealTree | | | | +-- signal-exit@3.0.0
167 silly idealTree | | | | +-- string-width@1.0.2
167 silly idealTree | | | | | +-- code-point-at@1.0.0
167 silly idealTree | | | | | | `-- number-is-nan@1.0.0
167 silly idealTree | | | | | `-- is-fullwidth-code-point@1.0.0
167 silly idealTree | | | | |   `-- number-is-nan@1.0.0
167 silly idealTree | | | | `-- wide-align@1.1.0
167 silly idealTree | | | `-- set-blocking@2.0.0
167 silly idealTree | | `-- path-array@1.0.1
167 silly idealTree | |   `-- array-index@1.0.0
167 silly idealTree | |     +-- debug@2.2.0
167 silly idealTree | |     | `-- ms@0.7.1
167 silly idealTree | |     `-- es6-symbol@3.1.0
167 silly idealTree | |       +-- d@0.1.1
167 silly idealTree | |       `-- es5-ext@0.10.12
167 silly idealTree | |         `-- es6-iterator@2.0.0
167 silly idealTree | +-- nopt@3.0.6
167 silly idealTree | +-- normalize-git-url@3.0.2
167 silly idealTree | +-- normalize-package-data@2.3.5
167 silly idealTree | | `-- is-builtin-module@1.0.0
167 silly idealTree | |   `-- builtin-modules@1.1.1
167 silly idealTree | +-- npm-cache-filename@1.0.2
167 silly idealTree | +-- npm-install-checks@3.0.0
167 silly idealTree | +-- npm-package-arg@4.2.0
167 silly idealTree | +-- npm-registry-client@7.2.1
167 silly idealTree | | +-- concat-stream@1.5.2
167 silly idealTree | | | +-- readable-stream@2.0.6
167 silly idealTree | | | | +-- core-util-is@1.0.2
167 silly idealTree | | | | +-- isarray@1.0.0
167 silly idealTree | | | | +-- process-nextick-args@1.0.7
167 silly idealTree | | | | +-- string_decoder@0.10.31
167 silly idealTree | | | | `-- util-deprecate@1.0.2
167 silly idealTree | | | `-- typedarray@0.0.6
167 silly idealTree | | +-- npmlog@3.1.2
167 silly idealTree | | | +-- are-we-there-yet@1.1.2
167 silly idealTree | | | | `-- delegates@1.0.0
167 silly idealTree | | | +-- console-control-strings@1.1.0
167 silly idealTree | | | +-- gauge@2.6.0
167 silly idealTree | | | | +-- has-color@0.1.7
167 silly idealTree | | | | +-- object-assign@4.1.0
167 silly idealTree | | | | +-- signal-exit@3.0.0
167 silly idealTree | | | | +-- string-width@1.0.2
167 silly idealTree | | | | | +-- code-point-at@1.0.0
167 silly idealTree | | | | | | `-- number-is-nan@1.0.0
167 silly idealTree | | | | | `-- is-fullwidth-code-point@1.0.0
167 silly idealTree | | | | |   `-- number-is-nan@1.0.1
167 silly idealTree | | | | `-- wide-align@1.1.0
167 silly idealTree | | | `-- set-blocking@2.0.0
167 silly idealTree | | `-- retry@0.10.0
167 silly idealTree | +-- npm-user-validate@0.1.5
167 silly idealTree | +-- npmlog@4.0.0
167 silly idealTree | | +-- are-we-there-yet@1.1.2
167 silly idealTree | | | `-- delegates@1.0.0
167 silly idealTree | | +-- console-control-strings@1.1.0
167 silly idealTree | | +-- gauge@2.6.0
167 silly idealTree | | | +-- has-color@0.1.7
167 silly idealTree | | | +-- object-assign@4.1.0
167 silly idealTree | | | +-- signal-exit@3.0.0
167 silly idealTree | | | +-- string-width@1.0.2
167 silly idealTree | | | | +-- code-point-at@1.0.0
167 silly idealTree | | | | | `-- number-is-nan@1.0.0
167 silly idealTree | | | | `-- is-fullwidth-code-point@1.0.0
167 silly idealTree | | | |   `-- number-is-nan@1.0.0
167 silly idealTree | | | `-- wide-align@1.1.0
167 silly idealTree | | `-- set-blocking@2.0.0
167 silly idealTree | +-- once@1.4.0
167 silly idealTree | +-- opener@1.4.2
167 silly idealTree | +-- osenv@0.1.3
167 silly idealTree | | +-- os-homedir@1.0.1
167 silly idealTree | | `-- os-tmpdir@1.0.1
167 silly idealTree | +-- path-is-inside@1.0.2
167 silly idealTree | +-- read-cmd-shim@1.0.1
167 silly idealTree | +-- read-installed@4.0.3
167 silly idealTree | | `-- util-extend@1.0.3
167 silly idealTree | +-- read-package-json@2.0.4
167 silly idealTree | | +-- glob@6.0.4
167 silly idealTree | | | +-- minimatch@3.0.3
167 silly idealTree | | | | `-- brace-expansion@1.1.6
167 silly idealTree | | | |   +-- balanced-match@0.4.2
167 silly idealTree | | | |   `-- concat-map@0.0.1
167 silly idealTree | | | `-- path-is-absolute@1.0.0
167 silly idealTree | | `-- json-parse-helpfulerror@1.0.3
167 silly idealTree | |   `-- jju@1.3.0
167 silly idealTree | +-- read-package-tree@5.1.5
167 silly idealTree | +-- read@1.0.7
167 silly idealTree | | `-- mute-stream@0.0.5
167 silly idealTree | +-- readable-stream@2.1.5
167 silly idealTree | | +-- buffer-shims@1.0.0
167 silly idealTree | | +-- core-util-is@1.0.2
167 silly idealTree | | +-- isarray@1.0.0
167 silly idealTree | | +-- process-nextick-args@1.0.7
167 silly idealTree | | +-- string_decoder@0.10.31
167 silly idealTree | | `-- util-deprecate@1.0.2
167 silly idealTree | +-- readdir-scoped-modules@1.0.2
167 silly idealTree | +-- realize-package-specifier@3.0.3
167 silly idealTree | +-- request@2.75.0
167 silly idealTree | | +-- aws-sign2@0.6.0
167 silly idealTree | | +-- aws4@1.4.1
167 silly idealTree | | +-- bl@1.1.2
167 silly idealTree | | | `-- readable-stream@2.0.6
167 silly idealTree | | |   +-- core-util-is@1.0.2
167 silly idealTree | | |   +-- isarray@1.0.0
167 silly idealTree | | |   +-- process-nextick-args@1.0.7
167 silly idealTree | | |   +-- string_decoder@0.10.31
167 silly idealTree | | |   `-- util-deprecate@1.0.2
167 silly idealTree | | +-- caseless@0.11.0
167 silly idealTree | | +-- combined-stream@1.0.5
167 silly idealTree | | | `-- delayed-stream@1.0.0
167 silly idealTree | | +-- extend@3.0.0
167 silly idealTree | | +-- forever-agent@0.6.1
167 silly idealTree | | +-- form-data@2.0.0
167 silly idealTree | | | `-- asynckit@0.4.0
167 silly idealTree | | +-- har-validator@2.0.6
167 silly idealTree | | | +-- chalk@1.1.3
167 silly idealTree | | | | +-- ansi-styles@2.2.1
167 silly idealTree | | | | +-- escape-string-regexp@1.0.5
167 silly idealTree | | | | +-- has-ansi@2.0.0
167 silly idealTree | | | | `-- supports-color@2.0.0
167 silly idealTree | | | +-- commander@2.9.0
167 silly idealTree | | | | `-- graceful-readlink@1.0.1
167 silly idealTree | | | +-- is-my-json-valid@2.15.0
167 silly idealTree | | | | +-- generate-function@2.0.0
167 silly idealTree | | | | +-- generate-object-property@1.2.0
167 silly idealTree | | | | | `-- is-property@1.0.2
167 silly idealTree | | | | +-- jsonpointer@4.0.0
167 silly idealTree | | | | `-- xtend@4.0.1
167 silly idealTree | | | `-- pinkie-promise@2.0.1
167 silly idealTree | | |   `-- pinkie@2.0.4
167 silly idealTree | | +-- hawk@3.1.3
167 silly idealTree | | | +-- boom@2.10.1
167 silly idealTree | | | +-- cryptiles@2.0.5
167 silly idealTree | | | +-- hoek@2.16.3
167 silly idealTree | | | `-- sntp@1.0.9
167 silly idealTree | | +-- http-signature@1.1.1
167 silly idealTree | | | +-- assert-plus@0.2.0
167 silly idealTree | | | +-- jsprim@1.3.1
167 silly idealTree | | | | +-- extsprintf@1.0.2
167 silly idealTree | | | | +-- json-schema@0.2.3
167 silly idealTree | | | | `-- verror@1.3.6
167 silly idealTree | | | `-- sshpk@1.10.1
167 silly idealTree | | |   +-- asn1@0.2.3
167 silly idealTree | | |   +-- assert-plus@1.0.0
167 silly idealTree | | |   +-- bcrypt-pbkdf@1.0.0
167 silly idealTree | | |   +-- dashdash@1.14.0
167 silly idealTree | | |   +-- ecc-jsbn@0.1.1
167 silly idealTree | | |   +-- getpass@0.1.6
167 silly idealTree | | |   +-- jodid25519@1.0.2
167 silly idealTree | | |   +-- jsbn@0.1.0
167 silly idealTree | | |   `-- tweetnacl@0.14.3
167 silly idealTree | | +-- is-typedarray@1.0.0
167 silly idealTree | | +-- isstream@0.1.2
167 silly idealTree | | +-- json-stringify-safe@5.0.1
167 silly idealTree | | +-- mime-types@2.1.12
167 silly idealTree | | | `-- mime-db@1.24.0
167 silly idealTree | | +-- node-uuid@1.4.7
167 silly idealTree | | +-- oauth-sign@0.8.2
167 silly idealTree | | +-- qs@6.2.1
167 silly idealTree | | +-- stringstream@0.0.5
167 silly idealTree | | +-- tough-cookie@2.3.1
167 silly idealTree | | `-- tunnel-agent@0.4.3
167 silly idealTree | +-- retry@0.10.0
167 silly idealTree | +-- rimraf@2.5.4
167 silly idealTree | +-- semver@5.3.0
167 silly idealTree | +-- sha@2.0.1
167 silly idealTree | +-- slide@1.1.6
167 silly idealTree | +-- sorted-object@2.0.1
167 silly idealTree | +-- strip-ansi@3.0.1
167 silly idealTree | +-- tar@2.2.1
167 silly idealTree | | `-- block-stream@0.0.8
167 silly idealTree | +-- text-table@0.2.0
167 silly idealTree | +-- uid-number@0.0.6
167 silly idealTree | +-- umask@1.1.0
167 silly idealTree | +-- unique-filename@1.1.0
167 silly idealTree | | `-- unique-slug@2.0.0
167 silly idealTree | +-- unpipe@1.0.0
167 silly idealTree | +-- validate-npm-package-license@3.0.1
167 silly idealTree | | +-- spdx-correct@1.0.2
167 silly idealTree | | | `-- spdx-license-ids@1.2.0
167 silly idealTree | | `-- spdx-expression-parse@1.0.2
167 silly idealTree | |   +-- spdx-exceptions@1.0.4
167 silly idealTree | |   `-- spdx-license-ids@1.2.0
167 silly idealTree | +-- validate-npm-package-name@2.2.2
167 silly idealTree | | `-- builtins@0.0.7
167 silly idealTree | +-- which@1.2.11
167 silly idealTree | | `-- isexe@1.1.2
167 silly idealTree | +-- wrappy@1.0.2
167 silly idealTree | `-- write-file-atomic@1.2.0
167 silly idealTree +-- object-assign@4.1.0
167 silly idealTree +-- object-component@0.0.3
167 silly idealTree +-- options@0.0.6
167 silly idealTree +-- parsejson@0.0.3
167 silly idealTree +-- parseqs@0.0.5
167 silly idealTree +-- parseuri@0.0.5
167 silly idealTree +-- shortid@2.2.8
167 silly idealTree +-- socket.io-adapter@0.5.0
167 silly idealTree +-- socket.io-client@1.7.3
167 silly idealTree | `-- component-emitter@1.2.1
167 silly idealTree +-- socket.io-parser@2.3.1
167 silly idealTree | +-- debug@2.2.0
167 silly idealTree | `-- ms@0.7.1
167 silly idealTree +-- socket.io@1.7.3
167 silly idealTree +-- to-array@0.1.4
167 silly idealTree +-- ultron@1.0.2
167 silly idealTree +-- ws@1.1.2
167 silly idealTree +-- wtf-8@1.0.0
167 silly idealTree +-- xmlhttprequest-ssl@1.5.3
167 silly idealTree `-- yeast@0.1.2
168 silly generateActionsToTake Starting
169 silly install generateActionsToTake
170 silly generateActionsToTake Finishing
171 silly diffTrees action count 3
172 silly diffTrees update number-is-nan@1.0.1
173 silly diffTrees add node-bin-setup@1.0.6
174 silly diffTrees add node@8.3.0
175 silly decomposeActions action count 25
176 silly decomposeActions remove number-is-nan@1.0.1
177 silly decomposeActions fetch number-is-nan@1.0.1
178 silly decomposeActions extract number-is-nan@1.0.1
179 silly decomposeActions test number-is-nan@1.0.1
180 silly decomposeActions preinstall number-is-nan@1.0.1
181 silly decomposeActions build number-is-nan@1.0.1
182 silly decomposeActions install number-is-nan@1.0.1
183 silly decomposeActions postinstall number-is-nan@1.0.1
184 silly decomposeActions finalize number-is-nan@1.0.1
185 silly decomposeActions fetch node-bin-setup@1.0.6
186 silly decomposeActions extract node-bin-setup@1.0.6
187 silly decomposeActions test node-bin-setup@1.0.6
188 silly decomposeActions preinstall node-bin-setup@1.0.6
189 silly decomposeActions build node-bin-setup@1.0.6
190 silly decomposeActions install node-bin-setup@1.0.6
191 silly decomposeActions postinstall node-bin-setup@1.0.6
192 silly decomposeActions finalize node-bin-setup@1.0.6
193 silly decomposeActions fetch node@8.3.0
194 silly decomposeActions extract node@8.3.0
195 silly decomposeActions test node@8.3.0
196 silly decomposeActions preinstall node@8.3.0
197 silly decomposeActions build node@8.3.0
198 silly decomposeActions install node@8.3.0
199 silly decomposeActions postinstall node@8.3.0
200 silly decomposeActions finalize node@8.3.0
201 silly runTopLevelLifecycles Starting
202 silly executeActions Starting
203 silly install executeActions
204 silly doSerial global-install 0
205 silly doParallel fetch 3
206 verbose correctMkdir C:\Users\lmiranda\AppData\Roaming\npm-cache\_locks correctMkdir not in flight; initializing
207 verbose lock using C:\Users\lmiranda\AppData\Roaming\npm-cache\_locks\staging-ddb983ee2df33dbf.lock for C:\Users\lmiranda\Documents\TCC\Servidor\node_modules\.staging
208 silly doParallel extract 3
209 silly extract number-is-nan@1.0.1
210 silly extract node-bin-setup@1.0.6
211 silly extract node@8.3.0
212 verbose unbuild node_modules\.staging\number-is-nan-c95ce885
213 verbose unbuild node_modules\.staging\node-bin-setup-64426ddd
214 verbose unbuild node_modules\.staging\node-dc4aef12
215 silly gentlyRm C:\Users\lmiranda\Documents\TCC\Servidor\node_modules\.staging\number-is-nan-c95ce885 is being purged from base C:\Users\lmiranda\Documents\TCC\Servidor
216 verbose gentlyRm don't care about contents; nuking C:\Users\lmiranda\Documents\TCC\Servidor\node_modules\.staging\number-is-nan-c95ce885
217 silly gentlyRm C:\Users\lmiranda\Documents\TCC\Servidor\node_modules\.staging\node-bin-setup-64426ddd is being purged from base C:\Users\lmiranda\Documents\TCC\Servidor
218 verbose gentlyRm don't care about contents; nuking C:\Users\lmiranda\Documents\TCC\Servidor\node_modules\.staging\node-bin-setup-64426ddd
219 verbose tar unpack C:\Users\lmiranda\AppData\Roaming\npm-cache\number-is-nan\1.0.1\package.tgz
220 verbose tar unpacking to C:\Users\lmiranda\Documents\TCC\Servidor\node_modules\.staging\number-is-nan-c95ce885
221 silly gentlyRm C:\Users\lmiranda\Documents\TCC\Servidor\node_modules\.staging\number-is-nan-c95ce885 is being purged
222 verbose gentlyRm don't care about contents; nuking C:\Users\lmiranda\Documents\TCC\Servidor\node_modules\.staging\number-is-nan-c95ce885
223 silly gentlyRm C:\Users\lmiranda\Documents\TCC\Servidor\node_modules\.staging\node-dc4aef12 is being purged from base C:\Users\lmiranda\Documents\TCC\Servidor
224 verbose gentlyRm don't care about contents; nuking C:\Users\lmiranda\Documents\TCC\Servidor\node_modules\.staging\node-dc4aef12
225 verbose tar unpack C:\Users\lmiranda\AppData\Roaming\npm-cache\node-bin-setup\1.0.6\package.tgz
226 verbose tar unpacking to C:\Users\lmiranda\Documents\TCC\Servidor\node_modules\.staging\node-bin-setup-64426ddd
227 silly gentlyRm C:\Users\lmiranda\Documents\TCC\Servidor\node_modules\.staging\node-bin-setup-64426ddd is being purged
228 verbose gentlyRm don't care about contents; nuking C:\Users\lmiranda\Documents\TCC\Servidor\node_modules\.staging\node-bin-setup-64426ddd
229 silly gunzTarPerm modes [ '777', '666' ]
230 verbose tar unpack C:\Users\lmiranda\AppData\Roaming\npm-cache\node\8.3.0\package.tgz
231 verbose tar unpacking to C:\Users\lmiranda\Documents\TCC\Servidor\node_modules\.staging\node-dc4aef12
232 silly gentlyRm C:\Users\lmiranda\Documents\TCC\Servidor\node_modules\.staging\node-dc4aef12 is being purged
233 verbose gentlyRm don't care about contents; nuking C:\Users\lmiranda\Documents\TCC\Servidor\node_modules\.staging\node-dc4aef12
234 silly gunzTarPerm modes [ '777', '666' ]
235 silly gunzTarPerm modes [ '777', '666' ]
236 silly gunzTarPerm extractEntry package.json
237 silly gunzTarPerm modified mode [ 'package.json', 420, 438 ]
238 silly gunzTarPerm extractEntry package.json
239 silly gunzTarPerm modified mode [ 'package.json', 420, 438 ]
240 silly gunzTarPerm extractEntry package.json
241 silly gunzTarPerm modified mode [ 'package.json', 420, 438 ]
242 silly gunzTarPerm extractEntry README.md
243 silly gunzTarPerm modified mode [ 'README.md', 420, 438 ]
244 silly gunzTarPerm extractEntry installArchSpecificPackage.js
245 silly gunzTarPerm modified mode [ 'installArchSpecificPackage.js', 420, 438 ]
246 silly gunzTarPerm extractEntry index.js
247 silly gunzTarPerm modified mode [ 'index.js', 420, 438 ]
248 silly gunzTarPerm extractEntry license
249 silly gunzTarPerm modified mode [ 'license', 420, 438 ]
250 silly gunzTarPerm extractEntry index.js
251 silly gunzTarPerm modified mode [ 'index.js', 420, 438 ]
252 silly gunzTarPerm extractEntry readme.md
253 silly gunzTarPerm modified mode [ 'readme.md', 420, 438 ]
254 silly gentlyRm C:\Users\lmiranda\Documents\TCC\Servidor\node_modules\.staging\node-bin-setup-64426ddd\node_modules is being purged
255 verbose gentlyRm don't care about contents; nuking C:\Users\lmiranda\Documents\TCC\Servidor\node_modules\.staging\node-bin-setup-64426ddd\node_modules
256 silly gentlyRm C:\Users\lmiranda\Documents\TCC\Servidor\node_modules\.staging\node-dc4aef12\node_modules is being purged
257 verbose gentlyRm don't care about contents; nuking C:\Users\lmiranda\Documents\TCC\Servidor\node_modules\.staging\node-dc4aef12\node_modules
258 silly gentlyRm C:\Users\lmiranda\Documents\TCC\Servidor\node_modules\.staging\number-is-nan-c95ce885\node_modules is being purged
259 verbose gentlyRm don't care about contents; nuking C:\Users\lmiranda\Documents\TCC\Servidor\node_modules\.staging\number-is-nan-c95ce885\node_modules
260 silly doParallel preinstall 3
261 silly preinstall number-is-nan@1.0.1 C:\Users\lmiranda\Documents\TCC\Servidor\node_modules\.staging\number-is-nan-c95ce885
262 info lifecycle number-is-nan@1.0.1~preinstall: number-is-nan@1.0.1
263 silly preinstall node-bin-setup@1.0.6 C:\Users\lmiranda\Documents\TCC\Servidor\node_modules\.staging\node-bin-setup-64426ddd
264 info lifecycle node-bin-setup@1.0.6~preinstall: node-bin-setup@1.0.6
265 silly preinstall node@8.3.0 C:\Users\lmiranda\Documents\TCC\Servidor\node_modules\.staging\node-dc4aef12
266 info lifecycle node@8.3.0~preinstall: node@8.3.0
267 silly lifecycle number-is-nan@1.0.1~preinstall: no script for preinstall, continuing
268 silly lifecycle node-bin-setup@1.0.6~preinstall: no script for preinstall, continuing
269 verbose lifecycle node@8.3.0~preinstall: unsafe-perm in lifecycle true
270 verbose lifecycle node@8.3.0~preinstall: PATH: C:\Program Files\nodejs\node_modules\npm\bin\node-gyp-bin;C:\Users\lmiranda\Documents\TCC\Servidor\node_modules\.staging\node-dc4aef12\node_modules\.bin;C:\Users\lmiranda\Documents\TCC\Servidor\node_modules\.bin;C:\Users\lmiranda\AppData\Roaming\npm;C:\Program Files\nodejs\;C:\ProgramData\Oracle\Java\javapath;C:\Program Files (x86)\Intel\iCLS Client\;C:\Program Files\Intel\iCLS Client\;C:\Windows\system32;C:\Windows;C:\Windows\System32\Wbem;C:\Windows\System32\WindowsPowerShell\v1.0\;C:\Program Files\Intel\Intel(R) Management Engine Components\DAL;C:\Program Files (x86)\Intel\Intel(R) Management Engine Components\DAL;C:\Program Files\Intel\Intel(R) Management Engine Components\IPT;C:\Program Files (x86)\Intel\Intel(R) Management Engine Components\IPT;C:\Program Files (x86)\Microsoft SQL Server\100\Tools\Binn\;C:\Program Files\Microsoft SQL Server\100\Tools\Binn\;C:\Program Files\Microsoft SQL Server\100\DTS\Binn\;C:\Program Files (x86)\Microsoft SQL Server\100\Tools\Binn\VSShell\Common7\IDE\;C:\Program Files (x86)\Microsoft SQL Server\100\DTS\Binn\;C:\Program Files (x86)\Microsoft Visual Studio 9.0\Common7\IDE\PrivateAssemblies\;C:\Program Files\Microsoft SQL Server\110\DTS\Binn\;C:\Program Files (x86)\Microsoft SQL Server\110\Tools\Binn\;C:\Program Files\Microsoft SQL Server\110\Tools\Binn\;C:\Program Files (x86)\Microsoft SQL Server\110\Tools\Binn\ManagementStudio\;C:\Program Files (x86)\Microsoft Visual Studio 10.0\Common7\IDE\PrivateAssemblies\;C:\Program Files (x86)\Microsoft SQL Server\110\DTS\Binn\;c:\Program Files (x86)\Microsoft SQL Server\90\Tools\binn\;C:\Users\lmiranda\.dnx\bin;C:\Program Files\Microsoft DNX\Dnvm\;C:\Program Files (x86)\GtkSharp\2.12\bin;C:\Program Files\nodejs\;C:\Program Files\Microsoft SQL Server\120\DTS\Binn\;C:\Program Files\Microsoft SQL Server\Client SDK\ODBC\110\Tools\Binn\;C:\Program Files (x86)\Microsoft SQL Server\120\Tools\Binn\;C:\Program Files\Microsoft SQL Server\120\Tools\Binn\;C:\Program Files (x86)\Microsoft SQL Server\120\Tools\Binn\ManagementStudio\;C:\Program Files (x86)\Microsoft SQL Server\120\DTS\Binn\;C:\Users\lmiranda\AppData\Roaming\npm
271 verbose lifecycle node@8.3.0~preinstall: CWD: C:\Users\lmiranda\Documents\TCC\Servidor\node_modules\.staging\node-dc4aef12
272 silly lifecycle node@8.3.0~preinstall: Args: [ '/d /s /c', 'node installArchSpecificPackage' ]
273 silly lifecycle node@8.3.0~preinstall: Returned: code: 1  signal: null
274 info lifecycle node@8.3.0~preinstall: Failed to exec preinstall script
275 verbose unlock done using C:\Users\lmiranda\AppData\Roaming\npm-cache\_locks\staging-ddb983ee2df33dbf.lock for C:\Users\lmiranda\Documents\TCC\Servidor\node_modules\.staging
276 silly rollbackFailedOptional Starting
277 silly rollbackFailedOptional Finishing
278 silly runTopLevelLifecycles Finishing
279 silly install printInstalled
280 warn enoent ENOENT: no such file or directory, open 'C:\Users\lmiranda\Documents\TCC\Servidor\package.json'
281 verbose enoent ENOENT: no such file or directory, open 'C:\Users\lmiranda\Documents\TCC\Servidor\package.json'
281 verbose enoent This is most likely not a problem with npm itself
281 verbose enoent and is related to npm not being able to find a file.
282 warn Servidor No description
283 verbose If you need help, you may report this error at:
283 verbose     <https://github.com/npm/npm/issues>
284 warn Servidor No repository field.
285 verbose If you need help, you may report this error at:
285 verbose     <https://github.com/npm/npm/issues>
286 warn Servidor No README data
287 verbose If you need help, you may report this error at:
287 verbose     <https://github.com/npm/npm/issues>
288 warn Servidor No license field.
289 verbose If you need help, you may report this error at:
289 verbose     <https://github.com/npm/npm/issues>
290 verbose stack Error: node@8.3.0 preinstall: `node installArchSpecificPackage`
290 verbose stack Exit status 1
290 verbose stack     at EventEmitter.<anonymous> (C:\Program Files\nodejs\node_modules\npm\lib\utils\lifecycle.js:255:16)
290 verbose stack     at emitTwo (events.js:106:13)
290 verbose stack     at EventEmitter.emit (events.js:191:7)
290 verbose stack     at ChildProcess.<anonymous> (C:\Program Files\nodejs\node_modules\npm\lib\utils\spawn.js:40:14)
290 verbose stack     at emitTwo (events.js:106:13)
290 verbose stack     at ChildProcess.emit (events.js:191:7)
290 verbose stack     at maybeClose (internal/child_process.js:886:16)
290 verbose stack     at Process.ChildProcess._handle.onexit (internal/child_process.js:226:5)
291 verbose pkgid node@8.3.0
292 verbose cwd C:\Users\lmiranda\Documents\TCC\Servidor
293 error Windows_NT 6.1.7601
294 error argv "C:\\Program Files\\nodejs\\node.exe" "C:\\Program Files\\nodejs\\node_modules\\npm\\bin\\npm-cli.js" "install" "node"
295 error node v6.10.2
296 error npm  v3.10.10
297 error code ELIFECYCLE
298 error node@8.3.0 preinstall: `node installArchSpecificPackage`
298 error Exit status 1
299 error Failed at the node@8.3.0 preinstall script 'node installArchSpecificPackage'.
299 error Make sure you have the latest version of node.js and npm installed.
299 error If you do, this is most likely a problem with the node package,
299 error not with npm itself.
299 error Tell the author that this fails on your system:
299 error     node installArchSpecificPackage
299 error You can get information on how to open an issue for this project with:
299 error     npm bugs node
299 error Or if that isn't available, you can get their info via:
299 error     npm owner ls node
299 error There is likely additional logging output above.
300 verbose exit [ 1, true ]
